<?xml version="1.0" encoding="UTF-8"?>
<testng-results skipped="0" failed="0" ignored="0" total="1" passed="1">
  <reporter-output>
  </reporter-output>
  <suite name="Default suite" duration-ms="11899" started-at="2021-01-13T10:01:39 CET" finished-at="2021-01-13T10:01:51 CET">
    <groups>
    </groups>
    <test name="Default test" duration-ms="11899" started-at="2021-01-13T10:01:39 CET" finished-at="2021-01-13T10:01:51 CET">
      <class name="testing2.NewTestNGClass2">
        <test-method status="PASS" signature="setup()[pri:0, instance:testing2.NewTestNGClass2@9573584]" name="setup" is-config="true" duration-ms="443" started-at="2021-01-13T10:01:39 CET" finished-at="2021-01-13T10:01:40 CET">
          <reporter-output>
          </reporter-output>
        </test-method> <!-- setup -->
        <test-method status="PASS" signature="beforeMethod(java.lang.reflect.Method)[pri:0, instance:testing2.NewTestNGClass2@9573584]" name="beforeMethod" is-config="true" duration-ms="5010" started-at="2021-01-13T10:01:40 CET" finished-at="2021-01-13T10:01:45 CET">
          <params>
            <param index="0">
              <value>
                <![CDATA[public void testing2.NewTestNGClass2.OpenSite() throws java.lang.Exception]]>
              </value>
            </param>
          </params>
          <reporter-output>
          </reporter-output>
        </test-method> <!-- beforeMethod -->
        <test-method status="PASS" signature="OpenSite()[pri:0, instance:testing2.NewTestNGClass2@9573584]" name="OpenSite" duration-ms="4544" started-at="2021-01-13T10:01:45 CET" finished-at="2021-01-13T10:01:49 CET">
          <reporter-output>
          </reporter-output>
        </test-method> <!-- OpenSite -->
        <test-method status="PASS" signature="afterMethod(org.testng.ITestResult)[pri:0, instance:testing2.NewTestNGClass2@9573584]" name="afterMethod" is-config="true" duration-ms="1084" started-at="2021-01-13T10:01:49 CET" finished-at="2021-01-13T10:01:50 CET">
          <params>
            <param index="0">
              <value>
                <![CDATA[[TestResult name=OpenSite status=SUCCESS method=NewTestNGClass2.OpenSite()[pri:0, instance:testing2.NewTestNGClass2@9573584] output={null}]]]>
              </value>
            </param>
          </params>
          <reporter-output>
          </reporter-output>
        </test-method> <!-- afterMethod -->
        <test-method status="PASS" signature="cleanUp()[pri:0, instance:testing2.NewTestNGClass2@9573584]" name="cleanUp" is-config="true" duration-ms="740" started-at="2021-01-13T10:01:50 CET" finished-at="2021-01-13T10:01:51 CET">
          <reporter-output>
          </reporter-output>
        </test-method> <!-- cleanUp -->
      </class> <!-- testing2.NewTestNGClass2 -->
    </test> <!-- Default test -->
  </suite> <!-- Default suite -->
</testng-results>
