<?xml version="1.0" encoding="UTF-8"?>
<testng-results skipped="0" failed="0" ignored="0" total="1" passed="1">
  <reporter-output>
  </reporter-output>
  <suite name="Default suite" duration-ms="59843" started-at="2018-01-21T06:05:37Z" finished-at="2018-01-21T06:06:37Z">
    <groups>
    </groups>
    <test name="Default test" duration-ms="59843" started-at="2018-01-21T06:05:37Z" finished-at="2018-01-21T06:06:37Z">
      <class name="testing2.NewTestNGClass2">
        <test-method status="PASS" signature="setup()[pri:0, instance:testing2.NewTestNGClass2@59fa1d9b]" name="setup" is-config="true" duration-ms="1429" started-at="2018-01-21T07:05:37Z" finished-at="2018-01-21T07:05:38Z">
          <reporter-output>
          </reporter-output>
        </test-method> <!-- setup -->
        <test-method status="PASS" signature="beforeMethod(java.lang.reflect.Method)[pri:0, instance:testing2.NewTestNGClass2@59fa1d9b]" name="beforeMethod" is-config="true" duration-ms="18923" started-at="2018-01-21T07:05:38Z" finished-at="2018-01-21T07:05:57Z">
          <params>
            <param index="0">
              <value>
                <![CDATA[public void testing2.NewTestNGClass2.OpenSite() throws java.lang.Exception]]>
              </value>
            </param>
          </params>
          <reporter-output>
          </reporter-output>
        </test-method> <!-- beforeMethod -->
        <test-method status="PASS" signature="OpenSite()[pri:0, instance:testing2.NewTestNGClass2@59fa1d9b]" name="OpenSite" duration-ms="32267" started-at="2018-01-21T07:05:57Z" finished-at="2018-01-21T07:06:30Z">
          <reporter-output>
          </reporter-output>
        </test-method> <!-- OpenSite -->
        <test-method status="PASS" signature="afterMethod(org.testng.ITestResult)[pri:0, instance:testing2.NewTestNGClass2@59fa1d9b]" name="afterMethod" is-config="true" duration-ms="4936" started-at="2018-01-21T07:06:30Z" finished-at="2018-01-21T07:06:35Z">
          <params>
            <param index="0">
              <value>
                <![CDATA[[TestResult name=OpenSite status=SUCCESS method=NewTestNGClass2.OpenSite()[pri:0, instance:testing2.NewTestNGClass2@59fa1d9b] output={null}]]]>
              </value>
            </param>
          </params>
          <reporter-output>
          </reporter-output>
        </test-method> <!-- afterMethod -->
        <test-method status="PASS" signature="cleanUp()[pri:0, instance:testing2.NewTestNGClass2@59fa1d9b]" name="cleanUp" is-config="true" duration-ms="2222" started-at="2018-01-21T07:06:35Z" finished-at="2018-01-21T07:06:37Z">
          <reporter-output>
          </reporter-output>
        </test-method> <!-- cleanUp -->
      </class> <!-- testing2.NewTestNGClass2 -->
    </test> <!-- Default test -->
  </suite> <!-- Default suite -->
</testng-results>
